{"/Users/alvaroalmonacidrojo/Personal/Entrevistas/cint/quiz-app/src/application/hooks/useFetch.ts": {"path":"/Users/alvaroalmonacidrojo/Personal/Entrevistas/cint/quiz-app/src/application/hooks/useFetch.ts","statementMap":{"0":{"start":{"line":1,"column":0},"end":{"line":1,"column":44}},"1":{"start":{"line":9,"column":17},"end":{"line":32,"column":1}},"2":{"start":{"line":10,"column":26},"end":{"line":10,"column":50}},"3":{"start":{"line":11,"column":32},"end":{"line":11,"column":55}},"4":{"start":{"line":12,"column":28},"end":{"line":12,"column":57}},"5":{"start":{"line":14,"column":2},"end":{"line":29,"column":12}},"6":{"start":{"line":15,"column":22},"end":{"line":25,"column":5}},"7":{"start":{"line":16,"column":6},"end":{"line":24,"column":7}},"8":{"start":{"line":17,"column":8},"end":{"line":17,"column":25}},"9":{"start":{"line":18,"column":23},"end":{"line":18,"column":34}},"10":{"start":{"line":19,"column":8},"end":{"line":19,"column":24}},"11":{"start":{"line":21,"column":8},"end":{"line":21,"column":40}},"12":{"start":{"line":23,"column":8},"end":{"line":23,"column":26}},"13":{"start":{"line":27,"column":4},"end":{"line":27,"column":16}},"14":{"start":{"line":31,"column":2},"end":{"line":31,"column":34}},"15":{"start":{"line":34,"column":0},"end":{"line":34,"column":24}}},"fnMap":{"0":{"name":"(anonymous_0)","decl":{"start":{"line":9,"column":17},"end":{"line":9,"column":21}},"loc":{"start":{"line":9,"column":59},"end":{"line":32,"column":1}}},"1":{"name":"(anonymous_1)","decl":{"start":{"line":14,"column":12},"end":{"line":14,"column":15}},"loc":{"start":{"line":14,"column":17},"end":{"line":29,"column":3}}},"2":{"name":"(anonymous_2)","decl":{"start":{"line":15,"column":22},"end":{"line":15,"column":27}},"loc":{"start":{"line":15,"column":33},"end":{"line":25,"column":5}}}},"branchMap":{},"s":{"0":1,"1":1,"2":4,"3":4,"4":4,"5":4,"6":2,"7":2,"8":2,"9":2,"10":1,"11":1,"12":2,"13":2,"14":4,"15":1},"f":{"0":4,"1":2,"2":2},"b":{}}
,"/Users/alvaroalmonacidrojo/Personal/Entrevistas/cint/quiz-app/src/application/hooks/useInputChange.ts": {"path":"/Users/alvaroalmonacidrojo/Personal/Entrevistas/cint/quiz-app/src/application/hooks/useInputChange.ts","statementMap":{"0":{"start":{"line":1,"column":0},"end":{"line":1,"column":46}},"1":{"start":{"line":3,"column":23},"end":{"line":17,"column":1}},"2":{"start":{"line":4,"column":28},"end":{"line":4,"column":58}},"3":{"start":{"line":6,"column":23},"end":{"line":8,"column":3}},"4":{"start":{"line":7,"column":4},"end":{"line":7,"column":33}},"5":{"start":{"line":10,"column":21},"end":{"line":10,"column":49}},"6":{"start":{"line":10,"column":27},"end":{"line":10,"column":49}},"7":{"start":{"line":12,"column":2},"end":{"line":16,"column":4}},"8":{"start":{"line":19,"column":0},"end":{"line":19,"column":30}}},"fnMap":{"0":{"name":"(anonymous_0)","decl":{"start":{"line":3,"column":23},"end":{"line":3,"column":24}},"loc":{"start":{"line":3,"column":48},"end":{"line":17,"column":1}}},"1":{"name":"(anonymous_1)","decl":{"start":{"line":6,"column":23},"end":{"line":6,"column":24}},"loc":{"start":{"line":6,"column":64},"end":{"line":8,"column":3}}},"2":{"name":"(anonymous_2)","decl":{"start":{"line":10,"column":21},"end":{"line":10,"column":24}},"loc":{"start":{"line":10,"column":27},"end":{"line":10,"column":49}}}},"branchMap":{},"s":{"0":1,"1":1,"2":5,"3":5,"4":2,"5":5,"6":1,"7":5,"8":1},"f":{"0":5,"1":2,"2":1},"b":{}}
,"/Users/alvaroalmonacidrojo/Personal/Entrevistas/cint/quiz-app/src/application/services/index.ts": {"path":"/Users/alvaroalmonacidrojo/Personal/Entrevistas/cint/quiz-app/src/application/services/index.ts","statementMap":{"0":{"start":{"line":1,"column":0},"end":{"line":1,"column":59}},"1":{"start":{"line":4,"column":13},"end":{"line":10,"column":2}},"2":{"start":{"line":7,"column":4},"end":{"line":7,"column":62}},"3":{"start":{"line":7,"column":35},"end":{"line":7,"column":60}},"4":{"start":{"line":8,"column":4},"end":{"line":8,"column":37}}},"fnMap":{"0":{"name":"(anonymous_0)","decl":{"start":{"line":5,"column":7},"end":{"line":5,"column":12}},"loc":{"start":{"line":5,"column":18},"end":{"line":9,"column":3}}},"1":{"name":"(anonymous_1)","decl":{"start":{"line":7,"column":22},"end":{"line":7,"column":23}},"loc":{"start":{"line":7,"column":35},"end":{"line":7,"column":60}}}},"branchMap":{},"s":{"0":1,"1":1,"2":1,"3":1,"4":1},"f":{"0":1,"1":1},"b":{}}
,"/Users/alvaroalmonacidrojo/Personal/Entrevistas/cint/quiz-app/src/application/utils/index.ts": {"path":"/Users/alvaroalmonacidrojo/Personal/Entrevistas/cint/quiz-app/src/application/utils/index.ts","statementMap":{"0":{"start":{"line":3,"column":42},"end":{"line":18,"column":1}},"1":{"start":{"line":6,"column":21},"end":{"line":7,"column":null}},"2":{"start":{"line":7,"column":36},"end":{"line":7,"column":51}},"3":{"start":{"line":11,"column":4},"end":{"line":11,"column":61}},"4":{"start":{"line":13,"column":28},"end":{"line":15,"column":55}},"5":{"start":{"line":14,"column":24},"end":{"line":14,"column":58}},"6":{"start":{"line":15,"column":29},"end":{"line":15,"column":53}},"7":{"start":{"line":17,"column":2},"end":{"line":17,"column":27}},"8":{"start":{"line":3,"column":13},"end":{"line":3,"column":42}}},"fnMap":{"0":{"name":"(anonymous_0)","decl":{"start":{"line":3,"column":42},"end":{"line":3,"column":null}},"loc":{"start":{"line":5,"column":20},"end":{"line":18,"column":1}}},"1":{"name":"(anonymous_1)","decl":{"start":{"line":7,"column":24},"end":{"line":7,"column":25}},"loc":{"start":{"line":7,"column":36},"end":{"line":7,"column":51}}},"2":{"name":"(anonymous_2)","decl":{"start":{"line":14,"column":12},"end":{"line":14,"column":13}},"loc":{"start":{"line":14,"column":24},"end":{"line":14,"column":58}}},"3":{"name":"(anonymous_3)","decl":{"start":{"line":15,"column":9},"end":{"line":15,"column":10}},"loc":{"start":{"line":15,"column":29},"end":{"line":15,"column":53}}}},"branchMap":{},"s":{"0":1,"1":1,"2":3,"3":1,"4":1,"5":3,"6":2,"7":1,"8":1},"f":{"0":1,"1":3,"2":3,"3":2},"b":{}}
,"/Users/alvaroalmonacidrojo/Personal/Entrevistas/cint/quiz-app/src/presentation/components/QuizSummary/index.tsx": {"path":"/Users/alvaroalmonacidrojo/Personal/Entrevistas/cint/quiz-app/src/presentation/components/QuizSummary/index.tsx","statementMap":{"0":{"start":{"line":1,"column":0},"end":{"line":1,"column":56}},"1":{"start":{"line":10,"column":20},"end":{"line":49,"column":1}},"2":{"start":{"line":17,"column":2},"end":{"line":48,"column":4}},"3":{"start":{"line":51,"column":0},"end":{"line":51,"column":27}}},"fnMap":{"0":{"name":"(anonymous_0)","decl":{"start":{"line":10,"column":20},"end":{"line":10,"column":21}},"loc":{"start":{"line":16,"column":12},"end":{"line":49,"column":1}}}},"branchMap":{},"s":{"0":1,"1":1,"2":1,"3":1},"f":{"0":1},"b":{}}
}
