TN:
SF:src/application/hooks/useFetch.ts
FN:9,(anonymous_0)
FN:14,(anonymous_1)
FN:15,(anonymous_2)
FNF:3
FNH:3
FNDA:4,(anonymous_0)
FNDA:2,(anonymous_1)
FNDA:2,(anonymous_2)
DA:1,1
DA:9,1
DA:10,4
DA:11,4
DA:12,4
DA:14,4
DA:15,2
DA:16,2
DA:17,2
DA:18,2
DA:19,1
DA:21,1
DA:23,2
DA:27,2
DA:31,4
DA:34,1
LF:16
LH:16
BRF:0
BRH:0
end_of_record
TN:
SF:src/application/hooks/useInputChange.ts
FN:3,(anonymous_0)
FN:6,(anonymous_1)
FN:10,(anonymous_2)
FNF:3
FNH:3
FNDA:5,(anonymous_0)
FNDA:2,(anonymous_1)
FNDA:1,(anonymous_2)
DA:1,1
DA:3,1
DA:4,5
DA:6,5
DA:7,2
DA:10,5
DA:12,5
DA:19,1
LF:8
LH:8
BRF:0
BRH:0
end_of_record
TN:
SF:src/application/services/index.ts
FN:5,(anonymous_0)
FN:7,(anonymous_1)
FNF:2
FNH:2
FNDA:1,(anonymous_0)
FNDA:1,(anonymous_1)
DA:1,1
DA:4,1
DA:7,1
DA:8,1
LF:4
LH:4
BRF:0
BRH:0
end_of_record
TN:
SF:src/application/utils/index.ts
FN:3,(anonymous_0)
FN:7,(anonymous_1)
FN:14,(anonymous_2)
FN:15,(anonymous_3)
FNF:4
FNH:4
FNDA:1,(anonymous_0)
FNDA:3,(anonymous_1)
FNDA:3,(anonymous_2)
FNDA:2,(anonymous_3)
DA:3,1
DA:6,1
DA:7,3
DA:11,1
DA:13,1
DA:14,3
DA:15,2
DA:17,1
LF:8
LH:8
BRF:0
BRH:0
end_of_record
TN:
SF:src/presentation/components/QuizSummary/index.tsx
FN:10,(anonymous_0)
FNF:1
FNH:1
FNDA:1,(anonymous_0)
DA:1,1
DA:10,1
DA:17,1
DA:51,1
LF:4
LH:4
BRF:0
BRH:0
end_of_record
